{"D:\\hacktiv8\\bulan 3\\minggu 3\\IP-RMT54\\server\\app.js": {"path":"D:\\hacktiv8\\bulan 3\\minggu 3\\IP-RMT54\\server\\app.js","statementMap":{"0":{"start":{"line":1,"column":16},"end":{"line":1,"column":34}},"1":{"start":{"line":2,"column":12},"end":{"line":2,"column":21}},"2":{"start":{"line":3,"column":15},"end":{"line":3,"column":35}},"3":{"start":{"line":4,"column":13},"end":{"line":4,"column":28}},"4":{"start":{"line":6,"column":0},"end":{"line":6,"column":15}},"5":{"start":{"line":7,"column":0},"end":{"line":7,"column":46}},"6":{"start":{"line":8,"column":0},"end":{"line":8,"column":23}},"7":{"start":{"line":9,"column":0},"end":{"line":9,"column":15}},"8":{"start":{"line":11,"column":0},"end":{"line":11,"column":20}}},"fnMap":{},"branchMap":{},"s":{"0":2,"1":2,"2":2,"3":2,"4":2,"5":2,"6":2,"7":2,"8":2},"f":{},"b":{},"_coverageSchema":"1a1c01bbd47fc00a2c39e90264f33305004495a9","hash":"ea82fe9963550f713f3bf18d56eba2d35e3092ed"}
,"D:\\hacktiv8\\bulan 3\\minggu 3\\IP-RMT54\\server\\controller\\favoriteCtrl.js": {"path":"D:\\hacktiv8\\bulan 3\\minggu 3\\IP-RMT54\\server\\controller\\favoriteCtrl.js","statementMap":{"0":{"start":{"line":1,"column":21},"end":{"line":1,"column":41}},"1":{"start":{"line":3,"column":0},"end":{"line":24,"column":2}},"2":{"start":{"line":4,"column":47},"end":{"line":4,"column":55}},"3":{"start":{"line":5,"column":19},"end":{"line":5,"column":30}},"4":{"start":{"line":7,"column":4},"end":{"line":23,"column":5}},"5":{"start":{"line":8,"column":23},"end":{"line":14,"column":10}},"6":{"start":{"line":16,"column":8},"end":{"line":19,"column":11}},"7":{"start":{"line":21,"column":8},"end":{"line":21,"column":62}},"8":{"start":{"line":22,"column":8},"end":{"line":22,"column":18}},"9":{"start":{"line":26,"column":0},"end":{"line":40,"column":1}},"10":{"start":{"line":27,"column":19},"end":{"line":27,"column":29}},"11":{"start":{"line":28,"column":4},"end":{"line":39,"column":5}},"12":{"start":{"line":29,"column":25},"end":{"line":29,"column":52}},"13":{"start":{"line":30,"column":8},"end":{"line":32,"column":9}},"14":{"start":{"line":31,"column":12},"end":{"line":31,"column":71}},"15":{"start":{"line":34,"column":8},"end":{"line":34,"column":32}},"16":{"start":{"line":35,"column":8},"end":{"line":35,"column":74}},"17":{"start":{"line":37,"column":8},"end":{"line":37,"column":57}},"18":{"start":{"line":38,"column":8},"end":{"line":38,"column":17}},"19":{"start":{"line":42,"column":0},"end":{"line":53,"column":1}},"20":{"start":{"line":43,"column":4},"end":{"line":52,"column":5}},"21":{"start":{"line":44,"column":21},"end":{"line":46,"column":10}},"22":{"start":{"line":48,"column":8},"end":{"line":48,"column":44}},"23":{"start":{"line":50,"column":8},"end":{"line":50,"column":56}},"24":{"start":{"line":51,"column":8},"end":{"line":51,"column":17}}},"fnMap":{"0":{"name":"(anonymous_0)","decl":{"start":{"line":3,"column":23},"end":{"line":3,"column":24}},"loc":{"start":{"line":3,"column":49},"end":{"line":24,"column":1}},"line":3},"1":{"name":"(anonymous_1)","decl":{"start":{"line":26,"column":20},"end":{"line":26,"column":21}},"loc":{"start":{"line":26,"column":46},"end":{"line":40,"column":1}},"line":26},"2":{"name":"(anonymous_2)","decl":{"start":{"line":42,"column":18},"end":{"line":42,"column":19}},"loc":{"start":{"line":42,"column":44},"end":{"line":53,"column":1}},"line":42}},"branchMap":{"0":{"loc":{"start":{"line":30,"column":8},"end":{"line":32,"column":9}},"type":"if","locations":[{"start":{"line":30,"column":8},"end":{"line":32,"column":9}},{"start":{},"end":{}}],"line":30}},"s":{"0":2,"1":2,"2":0,"3":0,"4":0,"5":0,"6":0,"7":0,"8":0,"9":2,"10":0,"11":0,"12":0,"13":0,"14":0,"15":0,"16":0,"17":0,"18":0,"19":2,"20":0,"21":0,"22":0,"23":0,"24":0},"f":{"0":0,"1":0,"2":0},"b":{"0":[0,0]},"_coverageSchema":"1a1c01bbd47fc00a2c39e90264f33305004495a9","hash":"68159252c6b9afd4ca344cd04b3d32b152957f4c"}
,"D:\\hacktiv8\\bulan 3\\minggu 3\\IP-RMT54\\server\\controller\\userCtrl.js": {"path":"D:\\hacktiv8\\bulan 3\\minggu 3\\IP-RMT54\\server\\controller\\userCtrl.js","statementMap":{"0":{"start":{"line":1,"column":0},"end":{"line":1,"column":27}},"1":{"start":{"line":2,"column":28},"end":{"line":2,"column":56}},"2":{"start":{"line":3,"column":26},"end":{"line":3,"column":51}},"3":{"start":{"line":4,"column":17},"end":{"line":4,"column":37}},"4":{"start":{"line":5,"column":15},"end":{"line":5,"column":47}},"5":{"start":{"line":7,"column":0},"end":{"line":25,"column":2}},"6":{"start":{"line":8,"column":48},"end":{"line":8,"column":56}},"7":{"start":{"line":9,"column":2},"end":{"line":24,"column":3}},"8":{"start":{"line":10,"column":20},"end":{"line":15,"column":6}},"9":{"start":{"line":16,"column":4},"end":{"line":20,"column":7}},"10":{"start":{"line":22,"column":4},"end":{"line":22,"column":61}},"11":{"start":{"line":23,"column":4},"end":{"line":23,"column":14}},"12":{"start":{"line":27,"column":0},"end":{"line":53,"column":2}},"13":{"start":{"line":28,"column":30},"end":{"line":28,"column":38}},"14":{"start":{"line":29,"column":2},"end":{"line":52,"column":3}},"15":{"start":{"line":30,"column":4},"end":{"line":32,"column":5}},"16":{"start":{"line":31,"column":6},"end":{"line":31,"column":65}},"17":{"start":{"line":33,"column":4},"end":{"line":35,"column":5}},"18":{"start":{"line":34,"column":6},"end":{"line":34,"column":68}},"19":{"start":{"line":37,"column":20},"end":{"line":41,"column":6}},"20":{"start":{"line":43,"column":4},"end":{"line":45,"column":5}},"21":{"start":{"line":44,"column":6},"end":{"line":44,"column":72}},"22":{"start":{"line":47,"column":23},"end":{"line":47,"column":45}},"23":{"start":{"line":48,"column":4},"end":{"line":48,"column":43}},"24":{"start":{"line":50,"column":4},"end":{"line":50,"column":56}},"25":{"start":{"line":51,"column":4},"end":{"line":51,"column":14}},"26":{"start":{"line":55,"column":0},"end":{"line":64,"column":1}},"27":{"start":{"line":56,"column":2},"end":{"line":63,"column":3}},"28":{"start":{"line":57,"column":17},"end":{"line":57,"column":37}},"29":{"start":{"line":59,"column":4},"end":{"line":59,"column":33}},"30":{"start":{"line":61,"column":4},"end":{"line":61,"column":55}},"31":{"start":{"line":62,"column":4},"end":{"line":62,"column":13}},"32":{"start":{"line":66,"column":0},"end":{"line":83,"column":2}},"33":{"start":{"line":67,"column":17},"end":{"line":67,"column":27}},"34":{"start":{"line":68,"column":2},"end":{"line":82,"column":3}},"35":{"start":{"line":69,"column":17},"end":{"line":72,"column":6}},"36":{"start":{"line":74,"column":4},"end":{"line":76,"column":5}},"37":{"start":{"line":75,"column":6},"end":{"line":75,"column":65}},"38":{"start":{"line":78,"column":4},"end":{"line":78,"column":35}},"39":{"start":{"line":80,"column":4},"end":{"line":80,"column":54}},"40":{"start":{"line":81,"column":4},"end":{"line":81,"column":14}},"41":{"start":{"line":85,"column":0},"end":{"line":106,"column":2}},"42":{"start":{"line":86,"column":2},"end":{"line":105,"column":3}},"43":{"start":{"line":87,"column":19},"end":{"line":87,"column":30}},"44":{"start":{"line":88,"column":15},"end":{"line":88,"column":42}},"45":{"start":{"line":89,"column":4},"end":{"line":91,"column":5}},"46":{"start":{"line":90,"column":6},"end":{"line":90,"column":61}},"47":{"start":{"line":93,"column":4},"end":{"line":96,"column":5}},"48":{"start":{"line":94,"column":25},"end":{"line":94,"column":71}},"49":{"start":{"line":95,"column":4},"end":{"line":95,"column":42}},"50":{"start":{"line":98,"column":4},"end":{"line":98,"column":22}},"51":{"start":{"line":99,"column":4},"end":{"line":101,"column":69}},"52":{"start":{"line":103,"column":4},"end":{"line":103,"column":56}},"53":{"start":{"line":104,"column":4},"end":{"line":104,"column":14}}},"fnMap":{"0":{"name":"(anonymous_0)","decl":{"start":{"line":7,"column":19},"end":{"line":7,"column":20}},"loc":{"start":{"line":7,"column":45},"end":{"line":25,"column":1}},"line":7},"1":{"name":"(anonymous_1)","decl":{"start":{"line":27,"column":16},"end":{"line":27,"column":17}},"loc":{"start":{"line":27,"column":42},"end":{"line":53,"column":1}},"line":27},"2":{"name":"(anonymous_2)","decl":{"start":{"line":55,"column":21},"end":{"line":55,"column":22}},"loc":{"start":{"line":55,"column":47},"end":{"line":64,"column":1}},"line":55},"3":{"name":"(anonymous_3)","decl":{"start":{"line":66,"column":19},"end":{"line":66,"column":20}},"loc":{"start":{"line":66,"column":45},"end":{"line":83,"column":1}},"line":66},"4":{"name":"(anonymous_4)","decl":{"start":{"line":85,"column":21},"end":{"line":85,"column":22}},"loc":{"start":{"line":85,"column":47},"end":{"line":106,"column":1}},"line":85}},"branchMap":{"0":{"loc":{"start":{"line":30,"column":4},"end":{"line":32,"column":5}},"type":"if","locations":[{"start":{"line":30,"column":4},"end":{"line":32,"column":5}},{"start":{},"end":{}}],"line":30},"1":{"loc":{"start":{"line":33,"column":4},"end":{"line":35,"column":5}},"type":"if","locations":[{"start":{"line":33,"column":4},"end":{"line":35,"column":5}},{"start":{},"end":{}}],"line":33},"2":{"loc":{"start":{"line":43,"column":4},"end":{"line":45,"column":5}},"type":"if","locations":[{"start":{"line":43,"column":4},"end":{"line":45,"column":5}},{"start":{},"end":{}}],"line":43},"3":{"loc":{"start":{"line":43,"column":8},"end":{"line":43,"column":64}},"type":"binary-expr","locations":[{"start":{"line":43,"column":8},"end":{"line":43,"column":16}},{"start":{"line":43,"column":20},"end":{"line":43,"column":64}}],"line":43},"4":{"loc":{"start":{"line":74,"column":4},"end":{"line":76,"column":5}},"type":"if","locations":[{"start":{"line":74,"column":4},"end":{"line":76,"column":5}},{"start":{},"end":{}}],"line":74},"5":{"loc":{"start":{"line":89,"column":4},"end":{"line":91,"column":5}},"type":"if","locations":[{"start":{"line":89,"column":4},"end":{"line":91,"column":5}},{"start":{},"end":{}}],"line":89},"6":{"loc":{"start":{"line":93,"column":4},"end":{"line":96,"column":5}},"type":"if","locations":[{"start":{"line":93,"column":4},"end":{"line":96,"column":5}},{"start":{},"end":{}}],"line":93}},"s":{"0":2,"1":2,"2":2,"3":2,"4":2,"5":2,"6":0,"7":0,"8":0,"9":0,"10":0,"11":0,"12":2,"13":1,"14":1,"15":1,"16":0,"17":1,"18":0,"19":1,"20":0,"21":0,"22":0,"23":0,"24":1,"25":1,"26":2,"27":0,"28":0,"29":0,"30":0,"31":0,"32":2,"33":0,"34":0,"35":0,"36":0,"37":0,"38":0,"39":0,"40":0,"41":2,"42":0,"43":0,"44":0,"45":0,"46":0,"47":0,"48":0,"49":0,"50":0,"51":0,"52":0,"53":0},"f":{"0":0,"1":1,"2":0,"3":0,"4":0},"b":{"0":[0,1],"1":[0,1],"2":[0,0],"3":[0,0],"4":[0,0],"5":[0,0],"6":[0,0]},"_coverageSchema":"1a1c01bbd47fc00a2c39e90264f33305004495a9","hash":"1165ce0e7df8a1dd06c62f4f65d276612cbf5fd4"}
,"D:\\hacktiv8\\bulan 3\\minggu 3\\IP-RMT54\\server\\helpers\\bcrypt.js": {"path":"D:\\hacktiv8\\bulan 3\\minggu 3\\IP-RMT54\\server\\helpers\\bcrypt.js","statementMap":{"0":{"start":{"line":1,"column":15},"end":{"line":1,"column":34}},"1":{"start":{"line":2,"column":18},"end":{"line":2,"column":19}},"2":{"start":{"line":4,"column":16},"end":{"line":6,"column":1}},"3":{"start":{"line":5,"column":2},"end":{"line":5,"column":46}},"4":{"start":{"line":8,"column":24},"end":{"line":10,"column":1}},"5":{"start":{"line":9,"column":2},"end":{"line":9,"column":52}},"6":{"start":{"line":12,"column":0},"end":{"line":15,"column":2}}},"fnMap":{"0":{"name":"(anonymous_0)","decl":{"start":{"line":4,"column":16},"end":{"line":4,"column":17}},"loc":{"start":{"line":4,"column":30},"end":{"line":6,"column":1}},"line":4},"1":{"name":"(anonymous_1)","decl":{"start":{"line":8,"column":24},"end":{"line":8,"column":25}},"loc":{"start":{"line":8,"column":52},"end":{"line":10,"column":1}},"line":8}},"branchMap":{},"s":{"0":2,"1":2,"2":2,"3":0,"4":2,"5":0,"6":2},"f":{"0":0,"1":0},"b":{},"_coverageSchema":"1a1c01bbd47fc00a2c39e90264f33305004495a9","hash":"abe6b14cef94a71af8d6bc39c99725230c60192b"}
,"D:\\hacktiv8\\bulan 3\\minggu 3\\IP-RMT54\\server\\helpers\\cloudynary.js": {"path":"D:\\hacktiv8\\bulan 3\\minggu 3\\IP-RMT54\\server\\helpers\\cloudynary.js","statementMap":{"0":{"start":{"line":1,"column":0},"end":{"line":1,"column":26}},"1":{"start":{"line":2,"column":27},"end":{"line":2,"column":48}},"2":{"start":{"line":5,"column":0},"end":{"line":9,"column":3}},"3":{"start":{"line":11,"column":0},"end":{"line":21,"column":1}},"4":{"start":{"line":12,"column":23},"end":{"line":12,"column":53}},"5":{"start":{"line":13,"column":21},"end":{"line":13,"column":34}},"6":{"start":{"line":14,"column":23},"end":{"line":14,"column":62}},"7":{"start":{"line":16,"column":25},"end":{"line":19,"column":6}},"8":{"start":{"line":20,"column":4},"end":{"line":20,"column":23}}},"fnMap":{"0":{"name":"(anonymous_0)","decl":{"start":{"line":11,"column":17},"end":{"line":11,"column":18}},"loc":{"start":{"line":11,"column":54},"end":{"line":21,"column":1}},"line":11}},"branchMap":{},"s":{"0":2,"1":2,"2":2,"3":2,"4":0,"5":0,"6":0,"7":0,"8":0},"f":{"0":0},"b":{},"_coverageSchema":"1a1c01bbd47fc00a2c39e90264f33305004495a9","hash":"81d4aa1c39b40f0451285386dc6631af769df942"}
,"D:\\hacktiv8\\bulan 3\\minggu 3\\IP-RMT54\\server\\helpers\\jwt.js": {"path":"D:\\hacktiv8\\bulan 3\\minggu 3\\IP-RMT54\\server\\helpers\\jwt.js","statementMap":{"0":{"start":{"line":1,"column":12},"end":{"line":1,"column":35}},"1":{"start":{"line":2,"column":15},"end":{"line":2,"column":37}},"2":{"start":{"line":4,"column":0},"end":{"line":6,"column":1}},"3":{"start":{"line":5,"column":4},"end":{"line":5,"column":42}},"4":{"start":{"line":8,"column":0},"end":{"line":10,"column":1}},"5":{"start":{"line":9,"column":4},"end":{"line":9,"column":36}}},"fnMap":{"0":{"name":"(anonymous_0)","decl":{"start":{"line":4,"column":24},"end":{"line":4,"column":25}},"loc":{"start":{"line":4,"column":43},"end":{"line":6,"column":1}},"line":4},"1":{"name":"(anonymous_1)","decl":{"start":{"line":8,"column":22},"end":{"line":8,"column":23}},"loc":{"start":{"line":8,"column":33},"end":{"line":10,"column":1}},"line":8}},"branchMap":{},"s":{"0":2,"1":2,"2":2,"3":0,"4":2,"5":3},"f":{"0":0,"1":3},"b":{},"_coverageSchema":"1a1c01bbd47fc00a2c39e90264f33305004495a9","hash":"1d70d25464ebbfeb76e63e6bfc9c929b5040b6da"}
,"D:\\hacktiv8\\bulan 3\\minggu 3\\IP-RMT54\\server\\middlewares\\autentication.js": {"path":"D:\\hacktiv8\\bulan 3\\minggu 3\\IP-RMT54\\server\\middlewares\\autentication.js","statementMap":{"0":{"start":{"line":1,"column":17},"end":{"line":1,"column":37}},"1":{"start":{"line":2,"column":24},"end":{"line":2,"column":49}},"2":{"start":{"line":5,"column":4},"end":{"line":36,"column":5}},"3":{"start":{"line":6,"column":29},"end":{"line":6,"column":54}},"4":{"start":{"line":7,"column":8},"end":{"line":7,"column":60}},"5":{"start":{"line":9,"column":8},"end":{"line":11,"column":9}},"6":{"start":{"line":10,"column":12},"end":{"line":10,"column":74}},"7":{"start":{"line":13,"column":32},"end":{"line":13,"column":55}},"8":{"start":{"line":14,"column":8},"end":{"line":16,"column":9}},"9":{"start":{"line":15,"column":12},"end":{"line":15,"column":68}},"10":{"start":{"line":18,"column":24},"end":{"line":18,"column":42}},"11":{"start":{"line":19,"column":8},"end":{"line":19,"column":64}},"12":{"start":{"line":21,"column":19},"end":{"line":21,"column":50}},"13":{"start":{"line":22,"column":8},"end":{"line":24,"column":9}},"14":{"start":{"line":23,"column":12},"end":{"line":23,"column":68}},"15":{"start":{"line":26,"column":8},"end":{"line":30,"column":9}},"16":{"start":{"line":32,"column":8},"end":{"line":32,"column":14}},"17":{"start":{"line":34,"column":8},"end":{"line":34,"column":54}},"18":{"start":{"line":35,"column":8},"end":{"line":35,"column":17}},"19":{"start":{"line":39,"column":0},"end":{"line":39,"column":31}}},"fnMap":{"0":{"name":"authentication","decl":{"start":{"line":4,"column":15},"end":{"line":4,"column":29}},"loc":{"start":{"line":4,"column":46},"end":{"line":37,"column":1}},"line":4}},"branchMap":{"0":{"loc":{"start":{"line":9,"column":8},"end":{"line":11,"column":9}},"type":"if","locations":[{"start":{"line":9,"column":8},"end":{"line":11,"column":9}},{"start":{},"end":{}}],"line":9},"1":{"loc":{"start":{"line":14,"column":8},"end":{"line":16,"column":9}},"type":"if","locations":[{"start":{"line":14,"column":8},"end":{"line":16,"column":9}},{"start":{},"end":{}}],"line":14},"2":{"loc":{"start":{"line":22,"column":8},"end":{"line":24,"column":9}},"type":"if","locations":[{"start":{"line":22,"column":8},"end":{"line":24,"column":9}},{"start":{},"end":{}}],"line":22}},"s":{"0":2,"1":2,"2":3,"3":3,"4":3,"5":3,"6":0,"7":3,"8":3,"9":0,"10":3,"11":0,"12":0,"13":0,"14":0,"15":0,"16":0,"17":3,"18":3,"19":2},"f":{"0":3},"b":{"0":[0,3],"1":[0,3],"2":[0,0]},"_coverageSchema":"1a1c01bbd47fc00a2c39e90264f33305004495a9","hash":"64f245548588c7a157709c25665e4b38eb9b47d0"}
,"D:\\hacktiv8\\bulan 3\\minggu 3\\IP-RMT54\\server\\middlewares\\authorization.js": {"path":"D:\\hacktiv8\\bulan 3\\minggu 3\\IP-RMT54\\server\\middlewares\\authorization.js","statementMap":{"0":{"start":{"line":1,"column":27},"end":{"line":1,"column":47}},"1":{"start":{"line":4,"column":19},"end":{"line":4,"column":29}},"2":{"start":{"line":5,"column":4},"end":{"line":19,"column":5}},"3":{"start":{"line":6,"column":18},"end":{"line":6,"column":45}},"4":{"start":{"line":7,"column":8},"end":{"line":9,"column":9}},"5":{"start":{"line":8,"column":12},"end":{"line":8,"column":66}},"6":{"start":{"line":11,"column":8},"end":{"line":13,"column":9}},"7":{"start":{"line":12,"column":12},"end":{"line":12,"column":74}},"8":{"start":{"line":15,"column":8},"end":{"line":15,"column":14}},"9":{"start":{"line":17,"column":8},"end":{"line":17,"column":53}},"10":{"start":{"line":18,"column":8},"end":{"line":18,"column":17}},"11":{"start":{"line":22,"column":0},"end":{"line":22,"column":30}}},"fnMap":{"0":{"name":"authorization","decl":{"start":{"line":3,"column":15},"end":{"line":3,"column":28}},"loc":{"start":{"line":3,"column":45},"end":{"line":20,"column":1}},"line":3}},"branchMap":{"0":{"loc":{"start":{"line":7,"column":8},"end":{"line":9,"column":9}},"type":"if","locations":[{"start":{"line":7,"column":8},"end":{"line":9,"column":9}},{"start":{},"end":{}}],"line":7},"1":{"loc":{"start":{"line":11,"column":8},"end":{"line":13,"column":9}},"type":"if","locations":[{"start":{"line":11,"column":8},"end":{"line":13,"column":9}},{"start":{},"end":{}}],"line":11}},"s":{"0":2,"1":0,"2":0,"3":0,"4":0,"5":0,"6":0,"7":0,"8":0,"9":0,"10":0,"11":2},"f":{"0":0},"b":{"0":[0,0],"1":[0,0]},"_coverageSchema":"1a1c01bbd47fc00a2c39e90264f33305004495a9","hash":"0d30b7e3122bbb927e5404dfb987b5914563cce6"}
,"D:\\hacktiv8\\bulan 3\\minggu 3\\IP-RMT54\\server\\middlewares\\errorhandler.js": {"path":"D:\\hacktiv8\\bulan 3\\minggu 3\\IP-RMT54\\server\\middlewares\\errorhandler.js","statementMap":{"0":{"start":{"line":2,"column":2},"end":{"line":2,"column":44}},"1":{"start":{"line":4,"column":2},"end":{"line":27,"column":3}},"2":{"start":{"line":7,"column":6},"end":{"line":7,"column":63}},"3":{"start":{"line":8,"column":6},"end":{"line":8,"column":13}},"4":{"start":{"line":10,"column":6},"end":{"line":10,"column":53}},"5":{"start":{"line":11,"column":6},"end":{"line":11,"column":13}},"6":{"start":{"line":13,"column":6},"end":{"line":13,"column":53}},"7":{"start":{"line":14,"column":6},"end":{"line":14,"column":13}},"8":{"start":{"line":16,"column":6},"end":{"line":16,"column":53}},"9":{"start":{"line":17,"column":6},"end":{"line":17,"column":13}},"10":{"start":{"line":19,"column":6},"end":{"line":19,"column":53}},"11":{"start":{"line":20,"column":6},"end":{"line":20,"column":13}},"12":{"start":{"line":22,"column":6},"end":{"line":22,"column":57}},"13":{"start":{"line":23,"column":6},"end":{"line":23,"column":13}},"14":{"start":{"line":25,"column":6},"end":{"line":25,"column":65}},"15":{"start":{"line":26,"column":6},"end":{"line":26,"column":12}},"16":{"start":{"line":30,"column":0},"end":{"line":30,"column":30}}},"fnMap":{"0":{"name":"errorHandler","decl":{"start":{"line":1,"column":9},"end":{"line":1,"column":21}},"loc":{"start":{"line":1,"column":43},"end":{"line":28,"column":1}},"line":1}},"branchMap":{"0":{"loc":{"start":{"line":4,"column":2},"end":{"line":27,"column":3}},"type":"switch","locations":[{"start":{"line":5,"column":4},"end":{"line":5,"column":36}},{"start":{"line":6,"column":4},"end":{"line":8,"column":13}},{"start":{"line":9,"column":4},"end":{"line":11,"column":13}},{"start":{"line":12,"column":4},"end":{"line":14,"column":13}},{"start":{"line":15,"column":4},"end":{"line":17,"column":13}},{"start":{"line":18,"column":4},"end":{"line":20,"column":13}},{"start":{"line":21,"column":4},"end":{"line":23,"column":13}},{"start":{"line":24,"column":4},"end":{"line":26,"column":12}}],"line":4}},"s":{"0":4,"1":4,"2":0,"3":0,"4":0,"5":0,"6":0,"7":0,"8":0,"9":0,"10":0,"11":0,"12":0,"13":0,"14":4,"15":4,"16":2},"f":{"0":4},"b":{"0":[0,0,0,0,0,0,0,4]},"_coverageSchema":"1a1c01bbd47fc00a2c39e90264f33305004495a9","hash":"63067181882a1e92d3ec381e70d39fc1051a6689"}
,"D:\\hacktiv8\\bulan 3\\minggu 3\\IP-RMT54\\server\\models\\favorite.js": {"path":"D:\\hacktiv8\\bulan 3\\minggu 3\\IP-RMT54\\server\\models\\favorite.js","statementMap":{"0":{"start":{"line":4,"column":4},"end":{"line":4,"column":24}},"1":{"start":{"line":5,"column":0},"end":{"line":34,"column":2}},"2":{"start":{"line":13,"column":6},"end":{"line":15,"column":8}},"3":{"start":{"line":17,"column":6},"end":{"line":19,"column":8}},"4":{"start":{"line":23,"column":2},"end":{"line":32,"column":5}},"5":{"start":{"line":33,"column":2},"end":{"line":33,"column":18}}},"fnMap":{"0":{"name":"(anonymous_0)","decl":{"start":{"line":5,"column":17},"end":{"line":5,"column":18}},"loc":{"start":{"line":5,"column":43},"end":{"line":34,"column":1}},"line":5},"1":{"name":"(anonymous_1)","decl":{"start":{"line":12,"column":4},"end":{"line":12,"column":5}},"loc":{"start":{"line":12,"column":29},"end":{"line":20,"column":5}},"line":12}},"branchMap":{},"s":{"0":2,"1":2,"2":2,"3":2,"4":2,"5":2},"f":{"0":2,"1":2},"b":{},"_coverageSchema":"1a1c01bbd47fc00a2c39e90264f33305004495a9","hash":"4e5a5faca799bcd98a2929183215514d2fd8e246"}
,"D:\\hacktiv8\\bulan 3\\minggu 3\\IP-RMT54\\server\\models\\index.js": {"path":"D:\\hacktiv8\\bulan 3\\minggu 3\\IP-RMT54\\server\\models\\index.js","statementMap":{"0":{"start":{"line":3,"column":11},"end":{"line":3,"column":24}},"1":{"start":{"line":4,"column":13},"end":{"line":4,"column":28}},"2":{"start":{"line":5,"column":18},"end":{"line":5,"column":38}},"3":{"start":{"line":6,"column":16},"end":{"line":6,"column":34}},"4":{"start":{"line":7,"column":17},"end":{"line":7,"column":42}},"5":{"start":{"line":8,"column":12},"end":{"line":8,"column":49}},"6":{"start":{"line":9,"column":15},"end":{"line":9,"column":65}},"7":{"start":{"line":10,"column":11},"end":{"line":10,"column":13}},"8":{"start":{"line":13,"column":0},"end":{"line":17,"column":1}},"9":{"start":{"line":14,"column":2},"end":{"line":14,"column":74}},"10":{"start":{"line":16,"column":2},"end":{"line":16,"column":87}},"11":{"start":{"line":19,"column":0},"end":{"line":32,"column":5}},"12":{"start":{"line":22,"column":4},"end":{"line":27,"column":6}},"13":{"start":{"line":30,"column":18},"end":{"line":30,"column":85}},"14":{"start":{"line":31,"column":4},"end":{"line":31,"column":27}},"15":{"start":{"line":34,"column":0},"end":{"line":38,"column":3}},"16":{"start":{"line":35,"column":2},"end":{"line":37,"column":3}},"17":{"start":{"line":36,"column":4},"end":{"line":36,"column":32}},"18":{"start":{"line":40,"column":0},"end":{"line":40,"column":25}},"19":{"start":{"line":41,"column":0},"end":{"line":41,"column":25}},"20":{"start":{"line":43,"column":0},"end":{"line":43,"column":20}}},"fnMap":{"0":{"name":"(anonymous_0)","decl":{"start":{"line":21,"column":10},"end":{"line":21,"column":11}},"loc":{"start":{"line":21,"column":18},"end":{"line":28,"column":3}},"line":21},"1":{"name":"(anonymous_1)","decl":{"start":{"line":29,"column":11},"end":{"line":29,"column":12}},"loc":{"start":{"line":29,"column":19},"end":{"line":32,"column":3}},"line":29},"2":{"name":"(anonymous_2)","decl":{"start":{"line":34,"column":24},"end":{"line":34,"column":25}},"loc":{"start":{"line":34,"column":37},"end":{"line":38,"column":1}},"line":34}},"branchMap":{"0":{"loc":{"start":{"line":8,"column":12},"end":{"line":8,"column":49}},"type":"binary-expr","locations":[{"start":{"line":8,"column":12},"end":{"line":8,"column":32}},{"start":{"line":8,"column":36},"end":{"line":8,"column":49}}],"line":8},"1":{"loc":{"start":{"line":13,"column":0},"end":{"line":17,"column":1}},"type":"if","locations":[{"start":{"line":13,"column":0},"end":{"line":17,"column":1}},{"start":{"line":15,"column":7},"end":{"line":17,"column":1}}],"line":13},"2":{"loc":{"start":{"line":23,"column":6},"end":{"line":26,"column":37}},"type":"binary-expr","locations":[{"start":{"line":23,"column":6},"end":{"line":23,"column":29}},{"start":{"line":24,"column":6},"end":{"line":24,"column":23}},{"start":{"line":25,"column":6},"end":{"line":25,"column":30}},{"start":{"line":26,"column":6},"end":{"line":26,"column":37}}],"line":23},"3":{"loc":{"start":{"line":35,"column":2},"end":{"line":37,"column":3}},"type":"if","locations":[{"start":{"line":35,"column":2},"end":{"line":37,"column":3}},{"start":{},"end":{}}],"line":35}},"s":{"0":2,"1":2,"2":2,"3":2,"4":2,"5":2,"6":2,"7":2,"8":2,"9":0,"10":2,"11":2,"12":8,"13":6,"14":6,"15":2,"16":6,"17":6,"18":2,"19":2,"20":2},"f":{"0":8,"1":6,"2":6},"b":{"0":[2,0],"1":[0,2],"2":[8,8,6,6],"3":[6,0]},"_coverageSchema":"1a1c01bbd47fc00a2c39e90264f33305004495a9","hash":"12c942cd95c0095a58f0ae55334a7445f5078dae"}
,"D:\\hacktiv8\\bulan 3\\minggu 3\\IP-RMT54\\server\\models\\photo.js": {"path":"D:\\hacktiv8\\bulan 3\\minggu 3\\IP-RMT54\\server\\models\\photo.js","statementMap":{"0":{"start":{"line":4,"column":4},"end":{"line":4,"column":24}},"1":{"start":{"line":5,"column":0},"end":{"line":29,"column":2}},"2":{"start":{"line":13,"column":6},"end":{"line":15,"column":8}},"3":{"start":{"line":18,"column":2},"end":{"line":27,"column":5}},"4":{"start":{"line":28,"column":2},"end":{"line":28,"column":15}}},"fnMap":{"0":{"name":"(anonymous_0)","decl":{"start":{"line":5,"column":17},"end":{"line":5,"column":18}},"loc":{"start":{"line":5,"column":43},"end":{"line":29,"column":1}},"line":5},"1":{"name":"(anonymous_1)","decl":{"start":{"line":12,"column":4},"end":{"line":12,"column":5}},"loc":{"start":{"line":12,"column":29},"end":{"line":16,"column":5}},"line":12}},"branchMap":{},"s":{"0":2,"1":2,"2":2,"3":2,"4":2},"f":{"0":2,"1":2},"b":{},"_coverageSchema":"1a1c01bbd47fc00a2c39e90264f33305004495a9","hash":"6363dacd5b2d80bdec0cf4c18dce274b3b1f7521"}
,"D:\\hacktiv8\\bulan 3\\minggu 3\\IP-RMT54\\server\\models\\user.js": {"path":"D:\\hacktiv8\\bulan 3\\minggu 3\\IP-RMT54\\server\\models\\user.js","statementMap":{"0":{"start":{"line":2,"column":18},"end":{"line":2,"column":38}},"1":{"start":{"line":3,"column":20},"end":{"line":3,"column":48}},"2":{"start":{"line":4,"column":0},"end":{"line":86,"column":2}},"3":{"start":{"line":12,"column":6},"end":{"line":14,"column":8}},"4":{"start":{"line":17,"column":2},"end":{"line":84,"column":4}},"5":{"start":{"line":80,"column":10},"end":{"line":80,"column":49}},"6":{"start":{"line":85,"column":2},"end":{"line":85,"column":14}}},"fnMap":{"0":{"name":"(anonymous_0)","decl":{"start":{"line":4,"column":17},"end":{"line":4,"column":18}},"loc":{"start":{"line":4,"column":43},"end":{"line":86,"column":1}},"line":4},"1":{"name":"(anonymous_1)","decl":{"start":{"line":11,"column":4},"end":{"line":11,"column":5}},"loc":{"start":{"line":11,"column":29},"end":{"line":15,"column":5}},"line":11},"2":{"name":"(anonymous_2)","decl":{"start":{"line":79,"column":22},"end":{"line":79,"column":23}},"loc":{"start":{"line":79,"column":32},"end":{"line":81,"column":9}},"line":79}},"branchMap":{},"s":{"0":2,"1":2,"2":2,"3":2,"4":2,"5":0,"6":2},"f":{"0":2,"1":2,"2":0},"b":{},"_coverageSchema":"1a1c01bbd47fc00a2c39e90264f33305004495a9","hash":"05b00a8e1cf172907b7a41b5821a9b08b72bba95"}
,"D:\\hacktiv8\\bulan 3\\minggu 3\\IP-RMT54\\server\\routers\\index.js": {"path":"D:\\hacktiv8\\bulan 3\\minggu 3\\IP-RMT54\\server\\routers\\index.js","statementMap":{"0":{"start":{"line":1,"column":45},"end":{"line":1,"column":82}},"1":{"start":{"line":2,"column":72},"end":{"line":2,"column":105}},"2":{"start":{"line":3,"column":23},"end":{"line":3,"column":62}},"3":{"start":{"line":4,"column":22},"end":{"line":4,"column":61}},"4":{"start":{"line":5,"column":21},"end":{"line":5,"column":59}},"5":{"start":{"line":6,"column":16},"end":{"line":6,"column":33}},"6":{"start":{"line":7,"column":16},"end":{"line":7,"column":38}},"7":{"start":{"line":8,"column":15},"end":{"line":8,"column":43}},"8":{"start":{"line":10,"column":15},"end":{"line":10,"column":42}},"9":{"start":{"line":12,"column":0},"end":{"line":14,"column":2}},"10":{"start":{"line":13,"column":4},"end":{"line":13,"column":26}},"11":{"start":{"line":16,"column":0},"end":{"line":16,"column":34}},"12":{"start":{"line":17,"column":0},"end":{"line":17,"column":28}},"13":{"start":{"line":19,"column":0},"end":{"line":19,"column":26}},"14":{"start":{"line":21,"column":0},"end":{"line":21,"column":32}},"15":{"start":{"line":22,"column":0},"end":{"line":22,"column":33}},"16":{"start":{"line":23,"column":0},"end":{"line":23,"column":67}},"17":{"start":{"line":24,"column":0},"end":{"line":24,"column":43}},"18":{"start":{"line":25,"column":0},"end":{"line":25,"column":42}},"19":{"start":{"line":26,"column":0},"end":{"line":26,"column":33}},"20":{"start":{"line":28,"column":0},"end":{"line":28,"column":24}},"21":{"start":{"line":30,"column":0},"end":{"line":30,"column":23}}},"fnMap":{"0":{"name":"(anonymous_0)","decl":{"start":{"line":12,"column":16},"end":{"line":12,"column":17}},"loc":{"start":{"line":12,"column":30},"end":{"line":14,"column":1}},"line":12}},"branchMap":{},"s":{"0":2,"1":2,"2":2,"3":2,"4":2,"5":2,"6":2,"7":2,"8":2,"9":2,"10":0,"11":2,"12":2,"13":2,"14":2,"15":2,"16":2,"17":2,"18":2,"19":2,"20":2,"21":2},"f":{"0":0},"b":{},"_coverageSchema":"1a1c01bbd47fc00a2c39e90264f33305004495a9","hash":"d97d65735f66fdf3f7f2d99680a542440e3c248e"}
}
